TN:
SF:index.mjs
FNF:0
FNH:0
DA:1,1
DA:2,1
DA:3,1
DA:4,1
DA:5,1
DA:6,1
DA:7,1
DA:8,1
DA:9,1
DA:10,1
DA:11,1
DA:12,1
DA:13,1
DA:14,1
DA:15,1
DA:16,1
DA:17,1
DA:18,1
DA:19,1
DA:20,1
DA:21,1
DA:22,1
DA:23,1
DA:24,1
DA:25,1
DA:26,1
DA:27,1
DA:28,1
DA:29,1
DA:30,1
DA:31,1
DA:32,1
DA:33,1
DA:34,1
DA:35,1
DA:36,1
DA:37,1
DA:38,1
DA:39,1
DA:40,1
DA:41,1
DA:42,1
DA:43,1
LF:43
LH:43
BRDA:1,0,0,1
BRDA:41,1,0,1
BRF:2
BRH:2
end_of_record
TN:
SF:utilities.mjs
FN:12,isLoggedIn
FN:27,isLoggedInAndAdmin
FN:42,isLoggedInAndManager
FN:57,validateRequest
FN:88,errorHandler
FNF:5
FNH:2
FNDA:0,isLoggedIn
FNDA:0,isLoggedInAndAdmin
FNDA:0,isLoggedInAndManager
FNDA:3,validateRequest
FNDA:1,errorHandler
DA:1,1
DA:2,1
DA:3,1
DA:4,1
DA:5,1
DA:6,1
DA:7,1
DA:8,1
DA:9,1
DA:10,1
DA:11,1
DA:12,1
DA:13,0
DA:14,0
DA:15,0
DA:16,0
DA:17,0
DA:18,1
DA:19,1
DA:20,1
DA:21,1
DA:22,1
DA:23,1
DA:24,1
DA:25,1
DA:26,1
DA:27,1
DA:28,0
DA:29,0
DA:30,0
DA:31,0
DA:32,0
DA:33,1
DA:34,1
DA:35,1
DA:36,1
DA:37,1
DA:38,1
DA:39,1
DA:40,1
DA:41,1
DA:42,1
DA:43,0
DA:44,0
DA:45,0
DA:46,0
DA:47,0
DA:48,1
DA:49,1
DA:50,1
DA:51,1
DA:52,1
DA:53,1
DA:54,1
DA:55,1
DA:56,1
DA:57,1
DA:58,3
DA:59,3
DA:60,3
DA:61,2
DA:62,2
DA:63,1
DA:64,1
DA:65,1
DA:66,1
DA:67,2
DA:68,2
DA:69,2
DA:70,2
DA:71,2
DA:72,2
DA:73,2
DA:74,2
DA:75,1
DA:76,1
DA:77,1
DA:78,1
DA:79,1
DA:80,1
DA:81,1
DA:82,1
DA:83,1
DA:84,1
DA:85,1
DA:86,1
DA:87,1
DA:88,1
DA:89,1
DA:90,1
DA:91,1
DA:92,1
DA:93,1
DA:94,1
DA:95,1
DA:96,1
DA:97,1
DA:98,1
DA:99,1
DA:100,1
DA:101,1
DA:102,1
DA:103,1
DA:104,1
DA:105,1
DA:106,1
LF:106
LH:91
BRDA:1,0,0,1
BRDA:57,1,0,3
BRDA:60,2,0,2
BRDA:63,3,0,1
BRDA:66,4,0,2
BRDA:88,5,0,1
BRDA:89,6,0,0
BRDA:90,7,0,0
BRDA:91,8,0,0
BRF:9
BRH:6
end_of_record
TN:
SF:dao/counterDAO.mjs
FN:11,mapRowsToService
FN:19,getCounters
FN:38,getConfiguration
FN:56,addConfiguration
FN:74,deleteConfiguration
FN:88,CounterDAO
FNF:6
FNH:1
FNDA:0,mapRowsToService
FNDA:0,getCounters
FNDA:0,getConfiguration
FNDA:0,addConfiguration
FNDA:0,deleteConfiguration
FNDA:2,CounterDAO
DA:1,1
DA:2,1
DA:3,1
DA:4,1
DA:5,1
DA:6,1
DA:7,1
DA:8,1
DA:9,1
DA:10,1
DA:11,1
DA:12,0
DA:13,1
DA:14,1
DA:15,1
DA:16,1
DA:17,1
DA:18,1
DA:19,1
DA:20,0
DA:21,0
DA:22,0
DA:23,0
DA:24,0
DA:25,0
DA:26,0
DA:27,0
DA:28,0
DA:29,0
DA:30,0
DA:31,1
DA:32,1
DA:33,1
DA:34,1
DA:35,1
DA:36,1
DA:37,1
DA:38,1
DA:39,0
DA:40,0
DA:41,0
DA:42,0
DA:43,0
DA:44,0
DA:45,0
DA:46,0
DA:47,0
DA:48,0
DA:49,0
DA:50,0
DA:51,1
DA:52,1
DA:53,1
DA:54,1
DA:55,1
DA:56,1
DA:57,0
DA:58,0
DA:59,0
DA:60,0
DA:61,0
DA:62,0
DA:63,0
DA:64,0
DA:65,0
DA:66,0
DA:67,0
DA:68,1
DA:69,1
DA:70,1
DA:71,1
DA:72,1
DA:73,1
DA:74,1
DA:75,0
DA:76,0
DA:77,0
DA:78,0
DA:79,0
DA:80,0
DA:81,0
DA:82,0
DA:83,0
DA:84,0
DA:85,0
DA:86,1
DA:87,1
DA:88,2
DA:89,2
DA:90,2
DA:91,2
DA:92,2
DA:93,2
DA:94,1
DA:95,1
LF:95
LH:49
BRDA:1,0,0,1
BRDA:88,1,0,2
BRF:2
BRH:2
end_of_record
TN:
SF:dao/serviceDAO.mjs
FN:11,mapRowsToService
FN:19,getServices
FN:38,getServiceByCode
FN:61,addServedCustomer
FN:76,getServiceDetails
FN:92,getServicesForAllCounters
FN:105,ServiceDAO
FNF:7
FNH:5
FNDA:3,mapRowsToService
FNDA:1,getServices
FNDA:0,getServiceByCode
FNDA:0,addServedCustomer
FNDA:3,getServiceDetails
FNDA:2,getServicesForAllCounters
FNDA:7,ServiceDAO
DA:1,2
DA:2,2
DA:3,2
DA:4,2
DA:5,2
DA:6,2
DA:7,2
DA:8,2
DA:9,2
DA:10,2
DA:11,2
DA:12,3
DA:13,2
DA:14,2
DA:15,2
DA:16,2
DA:17,2
DA:18,2
DA:19,2
DA:20,1
DA:21,1
DA:22,1
DA:23,1
DA:24,1
DA:25,0
DA:26,1
DA:27,1
DA:28,1
DA:29,1
DA:30,1
DA:31,2
DA:32,2
DA:33,2
DA:34,2
DA:35,2
DA:36,2
DA:37,2
DA:38,2
DA:39,0
DA:40,0
DA:41,0
DA:42,0
DA:43,0
DA:44,0
DA:45,0
DA:46,0
DA:47,0
DA:48,0
DA:49,0
DA:50,0
DA:51,0
DA:52,2
DA:53,2
DA:54,2
DA:55,2
DA:56,2
DA:57,2
DA:58,2
DA:59,2
DA:60,2
DA:61,2
DA:62,0
DA:63,0
DA:64,0
DA:65,0
DA:66,0
DA:67,0
DA:68,0
DA:69,0
DA:70,0
DA:71,0
DA:72,0
DA:73,2
DA:74,2
DA:75,2
DA:76,2
DA:77,3
DA:78,3
DA:79,3
DA:80,3
DA:81,0
DA:82,3
DA:83,1
DA:84,2
DA:85,2
DA:86,2
DA:87,3
DA:88,3
DA:89,2
DA:90,2
DA:91,2
DA:92,2
DA:93,2
DA:94,2
DA:95,2
DA:96,2
DA:97,0
DA:98,2
DA:99,2
DA:100,2
DA:101,2
DA:102,2
DA:103,2
DA:104,2
DA:105,7
DA:106,7
DA:107,7
DA:108,7
DA:109,7
DA:110,7
DA:111,7
DA:112,2
DA:113,2
LF:113
LH:86
BRDA:1,0,0,2
BRDA:11,1,0,3
BRDA:12,2,0,5
BRDA:19,3,0,1
BRDA:20,4,0,1
BRDA:23,5,0,1
BRDA:24,6,0,0
BRDA:76,7,0,3
BRDA:77,8,0,3
BRDA:79,9,0,3
BRDA:80,10,0,0
BRDA:82,11,0,2
BRDA:82,12,0,1
BRDA:92,13,0,2
BRDA:93,14,0,2
BRDA:95,15,0,2
BRDA:96,16,0,0
BRDA:105,17,0,7
BRF:18
BRH:15
end_of_record
TN:
SF:dao/userDAO.mjs
FN:7,UserDAO
FN:10,UserDAO.createUser
FN:26,UserDAO.getUserById
FN:43,UserDAO.getUserByCredentials
FNF:4
FNH:1
FNDA:2,UserDAO
FNDA:0,UserDAO.createUser
FNDA:0,UserDAO.getUserById
FNDA:0,UserDAO.getUserByCredentials
DA:1,1
DA:2,1
DA:3,1
DA:4,1
DA:5,1
DA:6,1
DA:7,1
DA:8,2
DA:9,2
DA:10,2
DA:11,0
DA:12,0
DA:13,0
DA:14,0
DA:15,0
DA:16,0
DA:17,0
DA:18,0
DA:19,0
DA:20,0
DA:21,0
DA:22,0
DA:23,0
DA:24,2
DA:25,2
DA:26,2
DA:27,0
DA:28,0
DA:29,0
DA:30,0
DA:31,0
DA:32,0
DA:33,0
DA:34,0
DA:35,0
DA:36,0
DA:37,0
DA:38,0
DA:39,0
DA:40,2
DA:41,2
DA:42,2
DA:43,2
DA:44,0
DA:45,0
DA:46,0
DA:47,0
DA:48,0
DA:49,0
DA:50,0
DA:51,0
DA:52,0
DA:53,0
DA:54,0
DA:55,0
DA:56,0
DA:57,0
DA:58,0
DA:59,0
DA:60,0
DA:61,0
DA:62,0
DA:63,2
DA:64,2
DA:65,2
LF:65
LH:20
BRDA:1,0,0,1
BRDA:7,1,0,2
BRF:2
BRH:2
end_of_record
TN:
SF:db/db.mjs
FNF:0
FNH:0
DA:1,2
DA:2,2
DA:3,2
DA:4,2
DA:5,2
DA:6,1
DA:7,2
DA:8,2
DA:9,2
LF:9
LH:9
BRDA:1,0,0,2
BRDA:5,1,0,1
BRDA:6,2,0,0
BRF:3
BRH:2
end_of_record
TN:
SF:models/queue.mjs
FN:8,QueueManager
FN:15,QueueManager.init
FN:27,QueueManager.enqueue
FN:42,QueueManager.dequeue
FN:56,QueueManager.isEmpty
FN:69,QueueManager.length
FN:82,QueueManager.waitingTime
FN:91,QueueManager.reset
FNF:8
FNH:4
FNDA:1,QueueManager
FNDA:1,QueueManager.init
FNDA:1,QueueManager.enqueue
FNDA:0,QueueManager.dequeue
FNDA:0,QueueManager.isEmpty
FNDA:1,QueueManager.length
FNDA:0,QueueManager.waitingTime
FNDA:0,QueueManager.reset
DA:1,1
DA:2,1
DA:3,1
DA:4,1
DA:5,1
DA:6,1
DA:7,1
DA:8,1
DA:9,1
DA:10,1
DA:11,1
DA:12,1
DA:13,1
DA:14,1
DA:15,1
DA:16,1
DA:17,1
DA:18,1
DA:19,1
DA:20,1
DA:21,1
DA:22,1
DA:23,1
DA:24,1
DA:25,1
DA:26,1
DA:27,1
DA:28,1
DA:29,1
DA:30,1
DA:31,1
DA:32,1
DA:33,1
DA:34,1
DA:35,1
DA:36,1
DA:37,1
DA:38,1
DA:39,1
DA:40,1
DA:41,1
DA:42,1
DA:43,0
DA:44,0
DA:45,0
DA:46,0
DA:47,1
DA:48,1
DA:49,1
DA:50,1
DA:51,1
DA:52,1
DA:53,1
DA:54,1
DA:55,1
DA:56,1
DA:57,0
DA:58,0
DA:59,0
DA:60,1
DA:61,1
DA:62,1
DA:63,1
DA:64,1
DA:65,1
DA:66,1
DA:67,1
DA:68,1
DA:69,1
DA:70,1
DA:71,1
DA:72,1
DA:73,1
DA:74,1
DA:75,1
DA:76,1
DA:77,1
DA:78,1
DA:79,1
DA:80,1
DA:81,1
DA:82,1
DA:83,0
DA:84,0
DA:85,0
DA:86,1
DA:87,1
DA:88,1
DA:89,1
DA:90,1
DA:91,1
DA:92,0
DA:93,0
DA:94,0
DA:95,0
DA:96,0
DA:97,1
DA:98,1
DA:99,1
DA:100,1
LF:100
LH:85
BRDA:1,0,0,1
BRDA:8,1,0,1
BRDA:15,2,0,1
BRDA:17,3,0,3
BRDA:27,4,0,1
BRDA:28,5,0,0
BRDA:69,6,0,1
BRDA:70,7,0,0
BRF:8
BRH:6
end_of_record
TN:
SF:models/service.mjs
FN:7,Service
FNF:1
FNH:1
FNDA:6,Service
DA:1,2
DA:2,2
DA:3,2
DA:4,2
DA:5,2
DA:6,2
DA:7,6
DA:8,6
DA:9,6
DA:10,6
DA:11,6
DA:12,6
DA:13,2
DA:14,2
LF:14
LH:14
BRDA:1,0,0,2
BRDA:7,1,0,6
BRF:2
BRH:2
end_of_record
TN:
SF:models/user.mjs
FN:1,User
FNF:1
FNH:0
FNDA:0,User
DA:1,0
DA:2,0
DA:3,0
DA:4,0
DA:5,0
DA:6,0
DA:7,0
DA:8,1
DA:9,1
LF:9
LH:2
BRDA:1,0,0,1
BRF:1
BRH:1
end_of_record
TN:
SF:routes/authRoutes.mjs
FN:18,AuthRoutes
FN:22,AuthRoutes.getRouter
FN:28,verify
FN:54,AuthRoutes.initRoutes
FNF:4
FNH:3
FNDA:1,AuthRoutes
FNDA:1,AuthRoutes.getRouter
FNDA:0,verify
FNDA:1,AuthRoutes.initRoutes
DA:1,1
DA:2,1
DA:3,1
DA:4,1
DA:5,1
DA:6,1
DA:7,1
DA:8,1
DA:9,1
DA:10,1
DA:11,1
DA:12,1
DA:13,1
DA:14,1
DA:15,1
DA:16,1
DA:17,1
DA:18,1
DA:19,1
DA:20,1
DA:21,1
DA:22,1
DA:23,1
DA:24,1
DA:25,1
DA:26,1
DA:27,1
DA:28,1
DA:29,0
DA:30,0
DA:31,0
DA:32,0
DA:33,0
DA:34,1
DA:35,1
DA:36,1
DA:37,1
DA:38,0
DA:39,1
DA:40,1
DA:41,1
DA:42,0
DA:43,1
DA:44,1
DA:45,1
DA:46,1
DA:47,1
DA:48,1
DA:49,1
DA:50,1
DA:51,1
DA:52,1
DA:53,1
DA:54,1
DA:55,1
DA:56,1
DA:57,0
DA:58,0
DA:59,0
DA:60,0
DA:61,0
DA:62,0
DA:63,0
DA:64,1
DA:65,1
DA:66,1
DA:67,1
DA:68,0
DA:69,1
DA:70,1
DA:71,1
DA:72,1
DA:73,0
DA:74,0
DA:75,0
DA:76,1
DA:77,1
DA:78,1
DA:79,1
DA:80,0
DA:81,0
DA:82,0
DA:83,0
DA:84,0
DA:85,1
DA:86,1
DA:87,1
DA:88,1
DA:89,1
LF:89
LH:66
BRDA:1,0,0,1
BRDA:18,1,0,1
BRDA:22,2,0,1
BRDA:54,3,0,1
BRF:4
BRH:4
end_of_record
TN:
SF:routes/counterRoutes.mjs
FN:12,CounterRoutes
FN:19,CounterRoutes.getRouter
FN:21,CounterRoutes.initRoutes
FNF:3
FNH:3
FNDA:1,CounterRoutes
FNDA:1,CounterRoutes.getRouter
FNDA:1,CounterRoutes.initRoutes
DA:1,1
DA:2,1
DA:3,1
DA:4,1
DA:5,1
DA:6,1
DA:7,1
DA:8,1
DA:9,1
DA:10,1
DA:11,1
DA:12,1
DA:13,1
DA:14,1
DA:15,1
DA:16,1
DA:17,1
DA:18,1
DA:19,1
DA:20,1
DA:21,1
DA:22,1
DA:23,1
DA:24,1
DA:25,1
DA:26,0
DA:27,0
DA:28,0
DA:29,0
DA:30,0
DA:31,0
DA:32,0
DA:33,1
DA:34,1
DA:35,1
DA:36,1
DA:37,1
DA:38,1
DA:39,1
DA:40,1
DA:41,1
DA:42,1
DA:43,1
DA:44,1
DA:45,1
DA:46,1
DA:47,0
DA:48,0
DA:49,0
DA:50,0
DA:51,0
DA:52,0
DA:53,0
DA:54,0
DA:55,0
DA:56,0
DA:57,0
DA:58,0
DA:59,0
DA:60,0
DA:61,0
DA:62,0
DA:63,0
DA:64,0
DA:65,0
DA:66,0
DA:67,0
DA:68,0
DA:69,0
DA:70,0
DA:71,0
DA:72,0
DA:73,0
DA:74,0
DA:75,0
DA:76,0
DA:77,0
DA:78,0
DA:79,0
DA:80,0
DA:81,0
DA:82,0
DA:83,0
DA:84,0
DA:85,1
DA:86,1
DA:87,1
DA:88,1
DA:89,1
DA:90,1
DA:91,0
DA:92,0
DA:93,0
DA:94,0
DA:95,0
DA:96,0
DA:97,0
DA:98,1
DA:99,1
DA:100,1
DA:101,1
DA:102,1
LF:102
LH:50
BRDA:1,0,0,1
BRDA:12,1,0,1
BRDA:19,2,0,1
BRDA:21,3,0,1
BRF:4
BRH:4
end_of_record
TN:
SF:routes/serviceRoutes.mjs
FN:13,calculateEstimatedWaitTime
FN:31,ServiceRoutes
FN:40,ServiceRoutes.getRouter
FN:42,ServiceRoutes.initRoutes
FNF:4
FNH:4
FNDA:1,calculateEstimatedWaitTime
FNDA:1,ServiceRoutes
FNDA:1,ServiceRoutes.getRouter
FNDA:1,ServiceRoutes.initRoutes
DA:1,1
DA:2,1
DA:3,1
DA:4,1
DA:5,1
DA:6,1
DA:7,1
DA:8,1
DA:9,1
DA:10,1
DA:11,1
DA:12,1
DA:13,1
DA:14,1
DA:15,1
DA:16,2
DA:17,2
DA:18,2
DA:19,2
DA:20,2
DA:21,2
DA:22,1
DA:23,1
DA:24,1
DA:25,1
DA:26,1
DA:27,1
DA:28,1
DA:29,1
DA:30,1
DA:31,1
DA:32,1
DA:33,1
DA:34,1
DA:35,1
DA:36,1
DA:37,1
DA:38,1
DA:39,1
DA:40,1
DA:41,1
DA:42,1
DA:43,1
DA:44,1
DA:45,1
DA:46,1
DA:47,0
DA:48,0
DA:49,0
DA:50,0
DA:51,0
DA:52,0
DA:53,0
DA:54,1
DA:55,1
DA:56,1
DA:57,1
DA:58,1
DA:59,1
DA:60,1
DA:61,1
DA:62,1
DA:63,1
DA:64,1
DA:65,0
DA:66,0
DA:67,0
DA:68,0
DA:69,0
DA:70,0
DA:71,0
DA:72,0
DA:73,0
DA:74,0
DA:75,0
DA:76,0
DA:77,0
DA:78,0
DA:79,0
DA:80,0
DA:81,0
DA:82,0
DA:83,0
DA:84,0
DA:85,0
DA:86,0
DA:87,0
DA:88,0
DA:89,0
DA:90,0
DA:91,0
DA:92,0
DA:93,0
DA:94,0
DA:95,0
DA:96,0
DA:97,0
DA:98,0
DA:99,0
DA:100,1
DA:101,1
DA:102,1
DA:103,1
DA:104,1
DA:105,1
DA:106,1
DA:107,1
DA:108,1
DA:109,2
DA:110,2
DA:111,2
DA:112,2
DA:113,2
DA:114,1
DA:115,1
DA:116,1
DA:117,1
DA:118,1
DA:119,1
DA:120,1
DA:121,1
DA:122,1
DA:123,1
DA:124,4
DA:125,4
DA:126,2
DA:127,2
DA:128,4
DA:129,1
DA:130,1
DA:131,1
DA:132,1
DA:133,1
DA:134,1
DA:135,1
DA:136,1
DA:137,1
DA:138,1
DA:139,1
DA:140,1
DA:141,1
DA:142,2
DA:143,1
DA:144,1
DA:145,1
DA:146,1
DA:147,0
DA:148,0
DA:149,1
DA:150,1
DA:151,1
DA:152,1
DA:153,1
LF:153
LH:109
BRDA:1,0,0,1
BRDA:13,1,0,1
BRDA:15,2,0,2
BRDA:31,3,0,1
BRDA:40,4,0,1
BRDA:42,5,0,1
BRDA:108,6,0,2
BRDA:113,7,0,1
BRDA:123,8,0,4
BRDA:125,9,0,2
BRF:10
BRH:10
end_of_record
